[0m14:46:22.976061 [debug] [MainThread]: Sending event: {'category': 'dbt', 'action': 'invocation', 'label': 'start', 'context': [<snowplow_tracker.self_describing_json.SelfDescribingJson object at 0x00000260BA8F09D0>, <snowplow_tracker.self_describing_json.SelfDescribingJson object at 0x00000260BC7B46A0>, <snowplow_tracker.self_describing_json.SelfDescribingJson object at 0x00000260BC7B4910>]}


============================== 14:46:22.981126 | a2c57add-aee4-4520-bb46-253fff43bddc ==============================
[0m14:46:22.981126 [info ] [MainThread]: Running with dbt=1.9.2
[0m14:46:22.982634 [debug] [MainThread]: running dbt with arguments {'printer_width': '80', 'indirect_selection': 'eager', 'write_json': 'True', 'log_cache_events': 'False', 'partial_parse': 'True', 'cache_selected_only': 'False', 'profiles_dir': 'C:\\Users\\messe\\.dbt', 'debug': 'False', 'warn_error': 'None', 'log_path': 'logs', 'version_check': 'True', 'fail_fast': 'False', 'use_colors': 'True', 'use_experimental_parser': 'False', 'no_print': 'None', 'quiet': 'False', 'empty': 'None', 'log_format': 'default', 'invocation_command': 'dbt init dbtlearn', 'static_parser': 'True', 'warn_error_options': 'WarnErrorOptions(include=[], exclude=[])', 'target_path': 'None', 'introspect': 'True', 'send_anonymous_usage_stats': 'True'}
[0m14:46:23.013846 [debug] [MainThread]: Starter project path: C:\Users\messe\OneDrive\Desktop\course\venv\lib\site-packages\dbt\include\starter_project
[0m14:46:23.111130 [info ] [MainThread]: 
Your new dbt project "dbtlearn" was created!

For more information on how to configure the profiles.yml file,
please consult the dbt documentation here:

  https://docs.getdbt.com/docs/configure-your-profile

One more thing:

Need help? Don't hesitate to reach out to us via GitHub issues or on Slack:

  https://community.getdbt.com/

Happy modeling!

[0m14:46:23.112636 [info ] [MainThread]: Setting up your profile.
[0m14:47:49.797076 [info ] [MainThread]: Profile dbtlearn written to C:\Users\messe\.dbt\profiles.yml using target's profile_template.yml and your supplied values. Run 'dbt debug' to validate the connection.
[0m14:47:49.799096 [debug] [MainThread]: Command `dbt init` succeeded at 14:47:49.799096 after 86.94 seconds
[0m14:47:49.803092 [debug] [MainThread]: Sending event: {'category': 'dbt', 'action': 'invocation', 'label': 'end', 'context': [<snowplow_tracker.self_describing_json.SelfDescribingJson object at 0x00000260BA8F09D0>, <snowplow_tracker.self_describing_json.SelfDescribingJson object at 0x00000260BC7B4760>, <snowplow_tracker.self_describing_json.SelfDescribingJson object at 0x00000260BC7B60E0>]}
[0m14:47:49.804615 [debug] [MainThread]: Flushing usage events
[0m14:47:50.040296 [debug] [MainThread]: An error was encountered while trying to flush usage events
